[2023-04-11 09:21:44,341: INFO/MainProcess] Connected to redis://redis:6379/0
[2023-04-11 09:21:44,348: INFO/MainProcess] mingle: searching for neighbors
[2023-04-11 09:21:45,359: INFO/MainProcess] mingle: all alone
[2023-04-11 09:21:45,369: WARNING/MainProcess] /usr/local/lib/python3.6/site-packages/celery/fixups/django.py:202: UserWarning: Using settings.DEBUG leads to a memory leak, never use this setting in production environments!
  warnings.warn('Using settings.DEBUG leads to a memory leak, never '
[2023-04-11 09:21:45,370: INFO/MainProcess] celery@f474ec3c1b5e ready.
[2023-04-11 09:25:00,249: INFO/MainProcess] Connected to redis://redis:6379/0
[2023-04-11 09:25:00,256: INFO/MainProcess] mingle: searching for neighbors
[2023-04-11 09:25:01,283: INFO/MainProcess] mingle: all alone
[2023-04-11 09:25:01,289: WARNING/MainProcess] /usr/local/lib/python3.6/site-packages/celery/fixups/django.py:202: UserWarning: Using settings.DEBUG leads to a memory leak, never use this setting in production environments!
  warnings.warn('Using settings.DEBUG leads to a memory leak, never '
[2023-04-11 09:25:01,289: INFO/MainProcess] celery@f474ec3c1b5e ready.
[2023-04-14 14:31:15,633: INFO/MainProcess] Connected to redis://redis:6379/0
[2023-04-14 14:31:15,748: INFO/MainProcess] mingle: searching for neighbors
[2023-04-14 14:31:16,834: INFO/MainProcess] mingle: all alone
[2023-04-14 14:31:16,907: WARNING/MainProcess] /usr/local/lib/python3.6/site-packages/celery/fixups/django.py:202: UserWarning: Using settings.DEBUG leads to a memory leak, never use this setting in production environments!
  warnings.warn('Using settings.DEBUG leads to a memory leak, never '
[2023-04-14 14:31:16,907: INFO/MainProcess] celery@17d426fefced ready.
[2023-04-14 14:41:37,625: INFO/MainProcess] Connected to redis://redis:6379/0
[2023-04-14 14:41:37,702: INFO/MainProcess] mingle: searching for neighbors
[2023-04-14 14:41:38,881: INFO/MainProcess] mingle: all alone
[2023-04-14 14:41:38,932: WARNING/MainProcess] /usr/local/lib/python3.6/site-packages/celery/fixups/django.py:202: UserWarning: Using settings.DEBUG leads to a memory leak, never use this setting in production environments!
  warnings.warn('Using settings.DEBUG leads to a memory leak, never '
[2023-04-14 14:41:38,939: INFO/MainProcess] celery@4c74920b650f ready.
[2023-04-14 15:24:30,233: INFO/MainProcess] Connected to redis://redis:6379/0
[2023-04-14 15:24:30,261: INFO/MainProcess] mingle: searching for neighbors
[2023-04-14 15:24:31,330: INFO/MainProcess] mingle: all alone
[2023-04-14 15:24:31,358: WARNING/MainProcess] /usr/local/lib/python3.6/site-packages/celery/fixups/django.py:202: UserWarning: Using settings.DEBUG leads to a memory leak, never use this setting in production environments!
  warnings.warn('Using settings.DEBUG leads to a memory leak, never '
[2023-04-14 15:24:31,358: INFO/MainProcess] celery@4c74920b650f ready.
[2023-04-14 16:31:29,801: INFO/MainProcess] Connected to redis://redis:6379/0
[2023-04-14 16:31:29,834: INFO/MainProcess] mingle: searching for neighbors
[2023-04-14 16:31:30,902: INFO/MainProcess] mingle: all alone
[2023-04-14 16:31:30,938: WARNING/MainProcess] /usr/local/lib/python3.6/site-packages/celery/fixups/django.py:202: UserWarning: Using settings.DEBUG leads to a memory leak, never use this setting in production environments!
  warnings.warn('Using settings.DEBUG leads to a memory leak, never '
[2023-04-14 16:31:30,939: INFO/MainProcess] celery@25a2a0d9d655 ready.
[2023-04-15 06:53:41,917: INFO/MainProcess] Connected to redis://redis:6379/0
[2023-04-15 06:53:41,957: INFO/MainProcess] mingle: searching for neighbors
[2023-04-15 06:53:43,049: INFO/MainProcess] mingle: all alone
[2023-04-15 06:53:43,070: WARNING/MainProcess] /usr/local/lib/python3.6/site-packages/celery/fixups/django.py:202: UserWarning: Using settings.DEBUG leads to a memory leak, never use this setting in production environments!
  warnings.warn('Using settings.DEBUG leads to a memory leak, never '
[2023-04-15 06:53:43,071: INFO/MainProcess] celery@acf1b823b68a ready.
[2023-04-15 11:41:47,480: INFO/MainProcess] Connected to redis://redis:6379/0
[2023-04-15 11:41:47,528: INFO/MainProcess] mingle: searching for neighbors
[2023-04-15 11:41:48,630: INFO/MainProcess] mingle: all alone
[2023-04-15 11:41:48,660: WARNING/MainProcess] /usr/local/lib/python3.6/site-packages/celery/fixups/django.py:202: UserWarning: Using settings.DEBUG leads to a memory leak, never use this setting in production environments!
  warnings.warn('Using settings.DEBUG leads to a memory leak, never '
[2023-04-15 11:41:48,661: INFO/MainProcess] celery@6c6cd7b13560 ready.
[2023-04-15 11:45:59,060: INFO/MainProcess] Connected to redis://redis:6379/0
[2023-04-15 11:45:59,108: INFO/MainProcess] mingle: searching for neighbors
[2023-04-15 11:46:00,199: INFO/MainProcess] mingle: all alone
[2023-04-15 11:46:00,250: WARNING/MainProcess] /usr/local/lib/python3.6/site-packages/celery/fixups/django.py:202: UserWarning: Using settings.DEBUG leads to a memory leak, never use this setting in production environments!
  warnings.warn('Using settings.DEBUG leads to a memory leak, never '
[2023-04-15 11:46:00,259: INFO/MainProcess] celery@a77321829a52 ready.
[2023-04-15 16:12:37,996: INFO/MainProcess] Connected to redis://redis:6379/0
[2023-04-15 16:12:38,266: INFO/MainProcess] mingle: searching for neighbors
[2023-04-15 16:12:39,473: INFO/MainProcess] mingle: all alone
[2023-04-15 16:12:39,658: WARNING/MainProcess] /usr/local/lib/python3.6/site-packages/celery/fixups/django.py:202: UserWarning: Using settings.DEBUG leads to a memory leak, never use this setting in production environments!
  warnings.warn('Using settings.DEBUG leads to a memory leak, never '
[2023-04-15 16:12:39,675: INFO/MainProcess] celery@70acf9dc1bb8 ready.
[2023-04-15 16:58:40,695: INFO/MainProcess] Connected to redis://redis:6379/0
[2023-04-15 16:58:40,737: INFO/MainProcess] mingle: searching for neighbors
[2023-04-15 16:58:41,825: INFO/MainProcess] mingle: all alone
[2023-04-15 16:58:41,862: WARNING/MainProcess] /usr/local/lib/python3.6/site-packages/celery/fixups/django.py:202: UserWarning: Using settings.DEBUG leads to a memory leak, never use this setting in production environments!
  warnings.warn('Using settings.DEBUG leads to a memory leak, never '
[2023-04-15 16:58:41,864: INFO/MainProcess] celery@70acf9dc1bb8 ready.
[2023-04-15 17:13:56,853: INFO/MainProcess] Connected to redis://redis:6379/0
[2023-04-15 17:13:56,874: INFO/MainProcess] mingle: searching for neighbors
[2023-04-15 17:13:57,918: INFO/MainProcess] mingle: all alone
[2023-04-15 17:13:57,960: WARNING/MainProcess] /usr/local/lib/python3.6/site-packages/celery/fixups/django.py:202: UserWarning: Using settings.DEBUG leads to a memory leak, never use this setting in production environments!
  warnings.warn('Using settings.DEBUG leads to a memory leak, never '
[2023-04-15 17:13:57,961: INFO/MainProcess] celery@70acf9dc1bb8 ready.
[2023-04-15 17:27:34,218: INFO/MainProcess] Connected to redis://redis:6379/0
[2023-04-15 17:27:34,241: INFO/MainProcess] mingle: searching for neighbors
[2023-04-15 17:27:35,301: INFO/MainProcess] mingle: all alone
[2023-04-15 17:27:35,397: WARNING/MainProcess] /usr/local/lib/python3.6/site-packages/celery/fixups/django.py:202: UserWarning: Using settings.DEBUG leads to a memory leak, never use this setting in production environments!
  warnings.warn('Using settings.DEBUG leads to a memory leak, never '
[2023-04-15 17:27:35,400: INFO/MainProcess] celery@70acf9dc1bb8 ready.
[2023-04-15 17:34:08,988: INFO/MainProcess] Connected to redis://redis:6379/0
[2023-04-15 17:34:09,027: INFO/MainProcess] mingle: searching for neighbors
[2023-04-15 17:34:10,161: INFO/MainProcess] mingle: all alone
[2023-04-15 17:34:10,250: WARNING/MainProcess] /usr/local/lib/python3.6/site-packages/celery/fixups/django.py:202: UserWarning: Using settings.DEBUG leads to a memory leak, never use this setting in production environments!
  warnings.warn('Using settings.DEBUG leads to a memory leak, never '
[2023-04-15 17:34:10,252: INFO/MainProcess] celery@70acf9dc1bb8 ready.
[2023-04-15 17:57:40,255: INFO/MainProcess] Connected to redis://redis:6379/0
[2023-04-15 17:57:40,347: INFO/MainProcess] mingle: searching for neighbors
[2023-04-15 17:57:41,613: INFO/MainProcess] mingle: all alone
[2023-04-15 17:57:41,727: WARNING/MainProcess] /usr/local/lib/python3.6/site-packages/celery/fixups/django.py:202: UserWarning: Using settings.DEBUG leads to a memory leak, never use this setting in production environments!
  warnings.warn('Using settings.DEBUG leads to a memory leak, never '
[2023-04-15 17:57:41,727: INFO/MainProcess] celery@70acf9dc1bb8 ready.
[2023-04-15 18:00:09,910: INFO/MainProcess] Connected to redis://redis:6379/0
[2023-04-15 18:00:09,949: INFO/MainProcess] mingle: searching for neighbors
[2023-04-15 18:00:11,035: INFO/MainProcess] mingle: all alone
[2023-04-15 18:00:11,075: WARNING/MainProcess] /usr/local/lib/python3.6/site-packages/celery/fixups/django.py:202: UserWarning: Using settings.DEBUG leads to a memory leak, never use this setting in production environments!
  warnings.warn('Using settings.DEBUG leads to a memory leak, never '
[2023-04-15 18:00:11,076: INFO/MainProcess] celery@70acf9dc1bb8 ready.
